CRITICAL - 2020-06-18 16:31:26 --> Array to string conversion
#0 E:\php\crud-codeigniter4-alpinejs\app\Views\main.php(83): CodeIgniter\Debug\Exceptions->errorHandler(8, 'Array to string...', 'E:\\php\\crud-cod...', 83, Array)
#1 E:\php\crud-codeigniter4-alpinejs\system\View\View.php(246): include('E:\\php\\crud-cod...')
#2 E:\php\crud-codeigniter4-alpinejs\system\Common.php(1087): CodeIgniter\View\View->render('main', Array, true)
#3 E:\php\crud-codeigniter4-alpinejs\app\Controllers\Home.php(15): view('main', Array)
#4 E:\php\crud-codeigniter4-alpinejs\system\CodeIgniter.php(914): App\Controllers\Home->index()
#5 E:\php\crud-codeigniter4-alpinejs\system\CodeIgniter.php(400): CodeIgniter\CodeIgniter->runController(Object(App\Controllers\Home))
#6 E:\php\crud-codeigniter4-alpinejs\system\CodeIgniter.php(308): CodeIgniter\CodeIgniter->handleRequest(NULL, Object(Config\Cache), false)
#7 E:\php\crud-codeigniter4-alpinejs\public\index.php(45): CodeIgniter\CodeIgniter->run()
#8 E:\php\crud-codeigniter4-alpinejs\system\Commands\Server\rewrite.php(34): require_once('E:\\php\\crud-cod...')
#9 {main}
CRITICAL - 2020-06-18 16:37:19 --> Array to string conversion
#0 E:\php\crud-codeigniter4-alpinejs\app\Views\main.php(18): CodeIgniter\Debug\Exceptions->errorHandler(8, 'Array to string...', 'E:\\php\\crud-cod...', 18, Array)
#1 E:\php\crud-codeigniter4-alpinejs\system\View\View.php(246): include('E:\\php\\crud-cod...')
#2 E:\php\crud-codeigniter4-alpinejs\system\Common.php(1087): CodeIgniter\View\View->render('main', Array, true)
#3 E:\php\crud-codeigniter4-alpinejs\app\Controllers\Home.php(15): view('main', Array)
#4 E:\php\crud-codeigniter4-alpinejs\system\CodeIgniter.php(914): App\Controllers\Home->index()
#5 E:\php\crud-codeigniter4-alpinejs\system\CodeIgniter.php(400): CodeIgniter\CodeIgniter->runController(Object(App\Controllers\Home))
#6 E:\php\crud-codeigniter4-alpinejs\system\CodeIgniter.php(308): CodeIgniter\CodeIgniter->handleRequest(NULL, Object(Config\Cache), false)
#7 E:\php\crud-codeigniter4-alpinejs\public\index.php(45): CodeIgniter\CodeIgniter->run()
#8 E:\php\crud-codeigniter4-alpinejs\system\Commands\Server\rewrite.php(34): require_once('E:\\php\\crud-cod...')
#9 {main}
CRITICAL - 2020-06-18 16:37:22 --> Array to string conversion
#0 E:\php\crud-codeigniter4-alpinejs\app\Views\main.php(18): CodeIgniter\Debug\Exceptions->errorHandler(8, 'Array to string...', 'E:\\php\\crud-cod...', 18, Array)
#1 E:\php\crud-codeigniter4-alpinejs\system\View\View.php(246): include('E:\\php\\crud-cod...')
#2 E:\php\crud-codeigniter4-alpinejs\system\Common.php(1087): CodeIgniter\View\View->render('main', Array, true)
#3 E:\php\crud-codeigniter4-alpinejs\app\Controllers\Home.php(15): view('main', Array)
#4 E:\php\crud-codeigniter4-alpinejs\system\CodeIgniter.php(914): App\Controllers\Home->index()
#5 E:\php\crud-codeigniter4-alpinejs\system\CodeIgniter.php(400): CodeIgniter\CodeIgniter->runController(Object(App\Controllers\Home))
#6 E:\php\crud-codeigniter4-alpinejs\system\CodeIgniter.php(308): CodeIgniter\CodeIgniter->handleRequest(NULL, Object(Config\Cache), false)
#7 E:\php\crud-codeigniter4-alpinejs\public\index.php(45): CodeIgniter\CodeIgniter->run()
#8 E:\php\crud-codeigniter4-alpinejs\system\Commands\Server\rewrite.php(34): require_once('E:\\php\\crud-cod...')
#9 {main}
CRITICAL - 2020-06-18 16:53:09 --> Allowed fields must be specified for model: {0}
#0 E:\php\crud-codeigniter4-alpinejs\system\Model.php(1234): CodeIgniter\Database\Exceptions\DataException::forInvalidAllowedFields('App\\Models\\Buku')
#1 E:\php\crud-codeigniter4-alpinejs\system\Model.php(709): CodeIgniter\Model->doProtectFields(Array)
#2 E:\php\crud-codeigniter4-alpinejs\app\Controllers\Home.php(33): CodeIgniter\Model->insert(Array)
#3 E:\php\crud-codeigniter4-alpinejs\system\CodeIgniter.php(914): App\Controllers\Home->post_buku()
#4 E:\php\crud-codeigniter4-alpinejs\system\CodeIgniter.php(400): CodeIgniter\CodeIgniter->runController(Object(App\Controllers\Home))
#5 E:\php\crud-codeigniter4-alpinejs\system\CodeIgniter.php(308): CodeIgniter\CodeIgniter->handleRequest(NULL, Object(Config\Cache), false)
#6 E:\php\crud-codeigniter4-alpinejs\public\index.php(45): CodeIgniter\CodeIgniter->run()
#7 E:\php\crud-codeigniter4-alpinejs\system\Commands\Server\rewrite.php(34): require_once('E:\\php\\crud-cod...')
#8 {main}
CRITICAL - 2020-06-18 16:53:57 --> syntax error, unexpected '}', expecting ',' or ';'
#0 E:\php\crud-codeigniter4-alpinejs\system\Autoloader\Autoloader.php(296): CodeIgniter\Autoloader\Autoloader->requireFile('E:\\php\\crud-cod...')
#1 E:\php\crud-codeigniter4-alpinejs\system\Autoloader\Autoloader.php(258): CodeIgniter\Autoloader\Autoloader->loadInNamespace('App\\Models\\Buku')
#2 [internal function]: CodeIgniter\Autoloader\Autoloader->loadClass('App\\Models\\Buku')
#3 E:\php\crud-codeigniter4-alpinejs\app\Controllers\Home.php(12): spl_autoload_call('App\\Models\\Buku')
#4 E:\php\crud-codeigniter4-alpinejs\system\CodeIgniter.php(886): App\Controllers\Home->__construct()
#5 E:\php\crud-codeigniter4-alpinejs\system\CodeIgniter.php(395): CodeIgniter\CodeIgniter->createController()
#6 E:\php\crud-codeigniter4-alpinejs\system\CodeIgniter.php(308): CodeIgniter\CodeIgniter->handleRequest(NULL, Object(Config\Cache), false)
#7 E:\php\crud-codeigniter4-alpinejs\public\index.php(45): CodeIgniter\CodeIgniter->run()
#8 E:\php\crud-codeigniter4-alpinejs\system\Commands\Server\rewrite.php(34): require_once('E:\\php\\crud-cod...')
#9 {main}
